2021-01-20 17:16:04,746 INFO  ClientHandler:30 - command line interface started
2021-01-20 17:16:04,748 INFO  ClientHandler:34 - reading property file
2021-01-20 17:16:04,762 INFO  ClientHandler:39 - Server setup. IP: localhost , PORT: 8189
2021-01-20 17:16:04,792 INFO  ClientHandler:50 - client com.owlsdonttalk.CLI@2db0f6b2 connected to server
2021-01-20 17:16:04,805 INFO  InboundAuthHandler:34 - Client connect
2021-01-20 17:16:09,502 INFO  InboundAuthHandler:46 - channelRead: input processing started
2021-01-20 17:16:09,504 INFO  InboundAuthHandler:55 - String received, working with command: auth
2021-01-20 17:16:09,507 INFO  InboundAuthHandler:58 - Trying to auth user root with password 12345
2021-01-20 17:16:09,828 INFO  InboundAuthHandler:60 - auth success, flushing message to client
2021-01-20 17:16:15,339 INFO  InboundAuthHandler:46 - channelRead: input processing started
2021-01-20 17:16:15,339 INFO  InboundAuthHandler:91 - File expected, working with file
2021-01-20 17:16:15,341 INFO  InboundAuthHandler:95 - [RECEIVED] filename length: 5
2021-01-20 17:16:15,341 INFO  InboundAuthHandler:101 - [RECEIVED] filename: server/storage/3.txt
2021-01-20 17:16:15,344 INFO  InboundAuthHandler:106 - [RECEIVED] readable bytes: 0, file size: 0
2021-01-20 17:16:37,881 INFO  InboundAuthHandler:46 - channelRead: input processing started
2021-01-20 17:16:37,881 INFO  InboundAuthHandler:91 - File expected, working with file
2021-01-20 17:16:37,882 INFO  InboundAuthHandler:95 - [RECEIVED] filename length: 5
2021-01-20 17:16:37,882 INFO  InboundAuthHandler:101 - [RECEIVED] filename: server/storage/1.txt
2021-01-20 17:16:37,882 INFO  InboundAuthHandler:106 - [RECEIVED] readable bytes: 0, file size: 4
2021-01-20 17:16:37,882 INFO  InboundAuthHandler:46 - channelRead: input processing started
2021-01-20 17:21:38,147 INFO  ClientHandler:30 - command line interface started
2021-01-20 17:21:38,150 INFO  ClientHandler:34 - reading property file
2021-01-20 17:21:38,165 INFO  ClientHandler:39 - Server setup. IP: localhost , PORT: 8189
2021-01-20 17:21:38,192 INFO  ClientHandler:50 - client com.owlsdonttalk.CLI@2db0f6b2 connected to server
2021-01-20 17:21:38,205 INFO  InboundAuthHandler:34 - Client connect
2021-01-20 17:21:44,797 INFO  InboundAuthHandler:46 - channelRead: input processing started
2021-01-20 17:21:44,804 INFO  InboundAuthHandler:115 - File received
2021-01-20 17:22:20,099 INFO  InboundAuthHandler:46 - channelRead: input processing started
2021-01-20 17:28:37,492 INFO  ClientHandler:30 - command line interface started
2021-01-20 17:28:37,496 INFO  ClientHandler:34 - reading property file
2021-01-20 17:28:37,510 INFO  ClientHandler:39 - Server setup. IP: localhost , PORT: 8189
2021-01-20 17:28:37,537 INFO  ClientHandler:50 - client com.owlsdonttalk.CLI@2db0f6b2 connected to server
2021-01-20 17:28:37,549 INFO  InboundAuthHandler:36 - Client connect
2021-01-20 17:28:44,988 INFO  InboundAuthHandler:48 - channelRead: input processing started
2021-01-20 17:28:50,825 INFO  InboundAuthHandler:48 - channelRead: input processing started
2021-01-20 17:28:50,826 INFO  InboundAuthHandler:57 - String received, working with command: auth
2021-01-20 17:28:50,829 INFO  InboundAuthHandler:60 - Trying to auth user root with password 12345
2021-01-20 17:28:51,138 INFO  InboundAuthHandler:62 - auth success, flushing message to client
2021-01-20 17:28:57,096 INFO  InboundAuthHandler:48 - channelRead: input processing started
2021-01-20 17:28:57,096 INFO  InboundAuthHandler:57 - String received, working with command: auth
2021-01-20 17:28:57,097 INFO  InboundAuthHandler:60 - Trying to auth user 1 with password 1
2021-01-20 17:28:57,097 INFO  InboundAuthHandler:62 - auth success, flushing message to client
2021-01-20 17:29:19,991 INFO  InboundAuthHandler:48 - channelRead: input processing started
2021-01-20 17:29:19,992 INFO  InboundAuthHandler:57 - String received, working with command: auth
2021-01-20 17:29:19,992 INFO  InboundAuthHandler:60 - Trying to auth user root with password 12356
2021-01-20 17:29:24,697 INFO  InboundAuthHandler:48 - channelRead: input processing started
2021-01-20 17:29:24,697 INFO  InboundAuthHandler:57 - String received, working with command: auth
2021-01-20 17:29:24,697 INFO  InboundAuthHandler:60 - Trying to auth user root with password 12345
2021-01-20 17:29:24,699 INFO  InboundAuthHandler:62 - auth success, flushing message to client
2021-01-20 17:30:08,777 INFO  ClientHandler:30 - command line interface started
2021-01-20 17:30:08,779 INFO  ClientHandler:34 - reading property file
2021-01-20 17:30:08,793 INFO  ClientHandler:39 - Server setup. IP: localhost , PORT: 8189
2021-01-20 17:30:08,819 INFO  ClientHandler:50 - client com.owlsdonttalk.CLI@2db0f6b2 connected to server
2021-01-20 17:30:08,834 INFO  InboundAuthHandler:36 - Client connect
2021-01-20 17:30:12,461 INFO  InboundAuthHandler:48 - channelRead: input processing started
2021-01-20 17:30:12,462 INFO  InboundAuthHandler:57 - String received, working with command: auth
2021-01-20 17:30:12,465 INFO  InboundAuthHandler:60 - Trying to auth user root with password 12345
2021-01-20 17:30:12,920 INFO  InboundAuthHandler:62 - auth success, flushing message to client
2021-01-20 17:30:12,924 WARN  DefaultChannelPipeline:1164 - An exceptionCaught() event was fired, and it reached at the tail of the pipeline. It usually means the last handler in the pipeline did not handle the exception.
io.netty.util.IllegalReferenceCountException: refCnt: 0, decrement: 1
	at io.netty.util.internal.ReferenceCountUpdater.toLiveRealRefCnt(ReferenceCountUpdater.java:74)
	at io.netty.util.internal.ReferenceCountUpdater.release(ReferenceCountUpdater.java:138)
	at io.netty.buffer.AbstractReferenceCountedByteBuf.release(AbstractReferenceCountedByteBuf.java:100)
	at com.owlsdonttalk.handlers.in.InboundAuthHandler.channelRead(InboundAuthHandler.java:68)
	at io.netty.channel.AbstractChannelHandlerContext.invokeChannelRead(AbstractChannelHandlerContext.java:374)
	at io.netty.channel.AbstractChannelHandlerContext.invokeChannelRead(AbstractChannelHandlerContext.java:360)
	at io.netty.channel.AbstractChannelHandlerContext.fireChannelRead(AbstractChannelHandlerContext.java:352)
	at io.netty.channel.DefaultChannelPipeline$HeadContext.channelRead(DefaultChannelPipeline.java:1422)
	at io.netty.channel.AbstractChannelHandlerContext.invokeChannelRead(AbstractChannelHandlerContext.java:374)
	at io.netty.channel.AbstractChannelHandlerContext.invokeChannelRead(AbstractChannelHandlerContext.java:360)
	at io.netty.channel.DefaultChannelPipeline.fireChannelRead(DefaultChannelPipeline.java:931)
	at io.netty.channel.nio.AbstractNioByteChannel$NioByteUnsafe.read(AbstractNioByteChannel.java:163)
	at io.netty.channel.nio.NioEventLoop.processSelectedKey(NioEventLoop.java:700)
	at io.netty.channel.nio.NioEventLoop.processSelectedKeysOptimized(NioEventLoop.java:635)
	at io.netty.channel.nio.NioEventLoop.processSelectedKeys(NioEventLoop.java:552)
	at io.netty.channel.nio.NioEventLoop.run(NioEventLoop.java:514)
	at io.netty.util.concurrent.SingleThreadEventExecutor$6.run(SingleThreadEventExecutor.java:1044)
	at io.netty.util.internal.ThreadExecutorMap$2.run(ThreadExecutorMap.java:74)
	at io.netty.util.concurrent.FastThreadLocalRunnable.run(FastThreadLocalRunnable.java:30)
	at java.base/java.lang.Thread.run(Thread.java:832)
2021-01-20 17:30:17,154 INFO  InboundAuthHandler:48 - channelRead: input processing started
2021-01-20 17:30:17,156 WARN  DefaultChannelPipeline:1164 - An exceptionCaught() event was fired, and it reached at the tail of the pipeline. It usually means the last handler in the pipeline did not handle the exception.
java.lang.IndexOutOfBoundsException: readerIndex(10) + length(8) exceeds writerIndex(10): PooledUnsafeDirectByteBuf(ridx: 10, widx: 10, cap: 1024)
	at io.netty.buffer.AbstractByteBuf.checkReadableBytes0(AbstractByteBuf.java:1495)
	at io.netty.buffer.AbstractByteBuf.readLong(AbstractByteBuf.java:850)
	at com.owlsdonttalk.handlers.in.InboundAuthHandler.channelRead(InboundAuthHandler.java:121)
	at io.netty.channel.AbstractChannelHandlerContext.invokeChannelRead(AbstractChannelHandlerContext.java:374)
	at io.netty.channel.AbstractChannelHandlerContext.invokeChannelRead(AbstractChannelHandlerContext.java:360)
	at io.netty.channel.AbstractChannelHandlerContext.fireChannelRead(AbstractChannelHandlerContext.java:352)
	at io.netty.channel.DefaultChannelPipeline$HeadContext.channelRead(DefaultChannelPipeline.java:1422)
	at io.netty.channel.AbstractChannelHandlerContext.invokeChannelRead(AbstractChannelHandlerContext.java:374)
	at io.netty.channel.AbstractChannelHandlerContext.invokeChannelRead(AbstractChannelHandlerContext.java:360)
	at io.netty.channel.DefaultChannelPipeline.fireChannelRead(DefaultChannelPipeline.java:931)
	at io.netty.channel.nio.AbstractNioByteChannel$NioByteUnsafe.read(AbstractNioByteChannel.java:163)
	at io.netty.channel.nio.NioEventLoop.processSelectedKey(NioEventLoop.java:700)
	at io.netty.channel.nio.NioEventLoop.processSelectedKeysOptimized(NioEventLoop.java:635)
	at io.netty.channel.nio.NioEventLoop.processSelectedKeys(NioEventLoop.java:552)
	at io.netty.channel.nio.NioEventLoop.run(NioEventLoop.java:514)
	at io.netty.util.concurrent.SingleThreadEventExecutor$6.run(SingleThreadEventExecutor.java:1044)
	at io.netty.util.internal.ThreadExecutorMap$2.run(ThreadExecutorMap.java:74)
	at io.netty.util.concurrent.FastThreadLocalRunnable.run(FastThreadLocalRunnable.java:30)
	at java.base/java.lang.Thread.run(Thread.java:832)
2021-01-20 17:30:17,157 INFO  InboundAuthHandler:48 - channelRead: input processing started
2021-01-20 17:30:57,806 INFO  ClientHandler:30 - command line interface started
2021-01-20 17:30:57,808 INFO  ClientHandler:34 - reading property file
2021-01-20 17:30:57,826 INFO  ClientHandler:39 - Server setup. IP: localhost , PORT: 8189
2021-01-20 17:30:57,849 INFO  ClientHandler:50 - client com.owlsdonttalk.CLI@2db0f6b2 connected to server
2021-01-20 17:30:57,858 INFO  InboundAuthHandler:36 - Client connect
2021-01-20 17:31:03,813 INFO  InboundAuthHandler:48 - channelRead: input processing started
2021-01-20 17:31:03,815 INFO  InboundAuthHandler:57 - String received, working with command: auth
2021-01-20 17:31:03,818 INFO  InboundAuthHandler:60 - Trying to auth user root with password 12345
2021-01-20 17:31:03,990 INFO  InboundAuthHandler:62 - auth success, flushing message to client
2021-01-20 17:31:03,994 WARN  DefaultChannelPipeline:1164 - An exceptionCaught() event was fired, and it reached at the tail of the pipeline. It usually means the last handler in the pipeline did not handle the exception.
io.netty.util.IllegalReferenceCountException: refCnt: 0, decrement: 1
	at io.netty.util.internal.ReferenceCountUpdater.toLiveRealRefCnt(ReferenceCountUpdater.java:74)
	at io.netty.util.internal.ReferenceCountUpdater.release(ReferenceCountUpdater.java:138)
	at io.netty.buffer.AbstractReferenceCountedByteBuf.release(AbstractReferenceCountedByteBuf.java:100)
	at com.owlsdonttalk.handlers.in.InboundAuthHandler.channelRead(InboundAuthHandler.java:69)
	at io.netty.channel.AbstractChannelHandlerContext.invokeChannelRead(AbstractChannelHandlerContext.java:374)
	at io.netty.channel.AbstractChannelHandlerContext.invokeChannelRead(AbstractChannelHandlerContext.java:360)
	at io.netty.channel.AbstractChannelHandlerContext.fireChannelRead(AbstractChannelHandlerContext.java:352)
	at io.netty.channel.DefaultChannelPipeline$HeadContext.channelRead(DefaultChannelPipeline.java:1422)
	at io.netty.channel.AbstractChannelHandlerContext.invokeChannelRead(AbstractChannelHandlerContext.java:374)
	at io.netty.channel.AbstractChannelHandlerContext.invokeChannelRead(AbstractChannelHandlerContext.java:360)
	at io.netty.channel.DefaultChannelPipeline.fireChannelRead(DefaultChannelPipeline.java:931)
	at io.netty.channel.nio.AbstractNioByteChannel$NioByteUnsafe.read(AbstractNioByteChannel.java:163)
	at io.netty.channel.nio.NioEventLoop.processSelectedKey(NioEventLoop.java:700)
	at io.netty.channel.nio.NioEventLoop.processSelectedKeysOptimized(NioEventLoop.java:635)
	at io.netty.channel.nio.NioEventLoop.processSelectedKeys(NioEventLoop.java:552)
	at io.netty.channel.nio.NioEventLoop.run(NioEventLoop.java:514)
	at io.netty.util.concurrent.SingleThreadEventExecutor$6.run(SingleThreadEventExecutor.java:1044)
	at io.netty.util.internal.ThreadExecutorMap$2.run(ThreadExecutorMap.java:74)
	at io.netty.util.concurrent.FastThreadLocalRunnable.run(FastThreadLocalRunnable.java:30)
	at java.base/java.lang.Thread.run(Thread.java:832)
2021-01-20 17:31:06,826 INFO  InboundAuthHandler:48 - channelRead: input processing started
2021-01-20 17:31:06,828 WARN  DefaultChannelPipeline:1164 - An exceptionCaught() event was fired, and it reached at the tail of the pipeline. It usually means the last handler in the pipeline did not handle the exception.
java.lang.IndexOutOfBoundsException: readerIndex(10) + length(8) exceeds writerIndex(10): PooledUnsafeDirectByteBuf(ridx: 10, widx: 10, cap: 1024)
	at io.netty.buffer.AbstractByteBuf.checkReadableBytes0(AbstractByteBuf.java:1495)
	at io.netty.buffer.AbstractByteBuf.readLong(AbstractByteBuf.java:850)
	at com.owlsdonttalk.handlers.in.InboundAuthHandler.channelRead(InboundAuthHandler.java:123)
	at io.netty.channel.AbstractChannelHandlerContext.invokeChannelRead(AbstractChannelHandlerContext.java:374)
	at io.netty.channel.AbstractChannelHandlerContext.invokeChannelRead(AbstractChannelHandlerContext.java:360)
	at io.netty.channel.AbstractChannelHandlerContext.fireChannelRead(AbstractChannelHandlerContext.java:352)
	at io.netty.channel.DefaultChannelPipeline$HeadContext.channelRead(DefaultChannelPipeline.java:1422)
	at io.netty.channel.AbstractChannelHandlerContext.invokeChannelRead(AbstractChannelHandlerContext.java:374)
	at io.netty.channel.AbstractChannelHandlerContext.invokeChannelRead(AbstractChannelHandlerContext.java:360)
	at io.netty.channel.DefaultChannelPipeline.fireChannelRead(DefaultChannelPipeline.java:931)
	at io.netty.channel.nio.AbstractNioByteChannel$NioByteUnsafe.read(AbstractNioByteChannel.java:163)
	at io.netty.channel.nio.NioEventLoop.processSelectedKey(NioEventLoop.java:700)
	at io.netty.channel.nio.NioEventLoop.processSelectedKeysOptimized(NioEventLoop.java:635)
	at io.netty.channel.nio.NioEventLoop.processSelectedKeys(NioEventLoop.java:552)
	at io.netty.channel.nio.NioEventLoop.run(NioEventLoop.java:514)
	at io.netty.util.concurrent.SingleThreadEventExecutor$6.run(SingleThreadEventExecutor.java:1044)
	at io.netty.util.internal.ThreadExecutorMap$2.run(ThreadExecutorMap.java:74)
	at io.netty.util.concurrent.FastThreadLocalRunnable.run(FastThreadLocalRunnable.java:30)
	at java.base/java.lang.Thread.run(Thread.java:832)
2021-01-20 17:31:06,829 INFO  InboundAuthHandler:48 - channelRead: input processing started
2021-01-20 17:31:47,873 INFO  ClientHandler:30 - command line interface started
2021-01-20 17:31:47,877 INFO  ClientHandler:34 - reading property file
2021-01-20 17:31:47,900 INFO  ClientHandler:39 - Server setup. IP: localhost , PORT: 8189
2021-01-20 17:31:47,926 INFO  ClientHandler:50 - client com.owlsdonttalk.CLI@2db0f6b2 connected to server
2021-01-20 17:31:47,938 INFO  InboundAuthHandler:36 - Client connect
2021-01-20 17:31:51,326 INFO  InboundAuthHandler:48 - channelRead: input processing started
2021-01-20 17:31:51,328 INFO  InboundAuthHandler:57 - String received, working with command: auth
2021-01-20 17:31:51,331 INFO  InboundAuthHandler:60 - Trying to auth user root with password 12345
2021-01-20 17:31:51,524 INFO  InboundAuthHandler:62 - auth success, flushing message to client
2021-01-20 17:31:55,872 INFO  InboundAuthHandler:48 - channelRead: input processing started
2021-01-20 17:31:55,872 INFO  InboundAuthHandler:57 - String received, working with command: auth
2021-01-20 17:31:55,872 INFO  InboundAuthHandler:60 - Trying to auth user root with password 123456
2021-01-20 17:31:59,406 INFO  InboundAuthHandler:48 - channelRead: input processing started
2021-01-20 17:31:59,406 INFO  InboundAuthHandler:57 - String received, working with command: auth
2021-01-20 17:31:59,406 INFO  InboundAuthHandler:60 - Trying to auth user root with password 12345
2021-01-20 17:31:59,407 INFO  InboundAuthHandler:62 - auth success, flushing message to client
2021-01-20 17:32:36,990 INFO  InboundAuthHandler:48 - channelRead: input processing started
2021-01-20 17:32:36,996 INFO  InboundAuthHandler:48 - channelRead: input processing started
2021-01-20 17:32:59,924 INFO  InboundAuthHandler:48 - channelRead: input processing started
2021-01-20 17:33:15,507 INFO  InboundAuthHandler:48 - channelRead: input processing started
2021-01-20 17:33:15,510 WARN  DefaultChannelPipeline:1164 - An exceptionCaught() event was fired, and it reached at the tail of the pipeline. It usually means the last handler in the pipeline did not handle the exception.
java.lang.IndexOutOfBoundsException: readerIndex(1) + length(4) exceeds writerIndex(4): PooledUnsafeDirectByteBuf(ridx: 1, widx: 4, cap: 480)
	at io.netty.buffer.AbstractByteBuf.checkReadableBytes0(AbstractByteBuf.java:1495)
	at io.netty.buffer.AbstractByteBuf.readInt(AbstractByteBuf.java:824)
	at com.owlsdonttalk.handlers.in.InboundAuthHandler.channelRead(InboundAuthHandler.java:108)
	at io.netty.channel.AbstractChannelHandlerContext.invokeChannelRead(AbstractChannelHandlerContext.java:374)
	at io.netty.channel.AbstractChannelHandlerContext.invokeChannelRead(AbstractChannelHandlerContext.java:360)
	at io.netty.channel.AbstractChannelHandlerContext.fireChannelRead(AbstractChannelHandlerContext.java:352)
	at io.netty.channel.DefaultChannelPipeline$HeadContext.channelRead(DefaultChannelPipeline.java:1422)
	at io.netty.channel.AbstractChannelHandlerContext.invokeChannelRead(AbstractChannelHandlerContext.java:374)
	at io.netty.channel.AbstractChannelHandlerContext.invokeChannelRead(AbstractChannelHandlerContext.java:360)
	at io.netty.channel.DefaultChannelPipeline.fireChannelRead(DefaultChannelPipeline.java:931)
	at io.netty.channel.nio.AbstractNioByteChannel$NioByteUnsafe.read(AbstractNioByteChannel.java:163)
	at io.netty.channel.nio.NioEventLoop.processSelectedKey(NioEventLoop.java:700)
	at io.netty.channel.nio.NioEventLoop.processSelectedKeysOptimized(NioEventLoop.java:635)
	at io.netty.channel.nio.NioEventLoop.processSelectedKeys(NioEventLoop.java:552)
	at io.netty.channel.nio.NioEventLoop.run(NioEventLoop.java:514)
	at io.netty.util.concurrent.SingleThreadEventExecutor$6.run(SingleThreadEventExecutor.java:1044)
	at io.netty.util.internal.ThreadExecutorMap$2.run(ThreadExecutorMap.java:74)
	at io.netty.util.concurrent.FastThreadLocalRunnable.run(FastThreadLocalRunnable.java:30)
	at java.base/java.lang.Thread.run(Thread.java:832)
2021-01-20 17:33:15,511 INFO  InboundAuthHandler:48 - channelRead: input processing started
